RR_TO_CNF | Time: 0.31630396843 
SAT_SOLVER | Time: 0.0255620479584 
	cnf_to_sol - 1. UNSATISFIABLE | t = 0
CNF_TO_SOL | Time: 0.00189089775085 
______________________________________________
RR_TO_CNF | Time: 1.53868603706 
SAT_SOLVER | Time: 0.0745511054993 
	cnf_to_sol - 1. UNSATISFIABLE | t = 1
CNF_TO_SOL | Time: 0.00196480751038 
______________________________________________
RR_TO_CNF | Time: 2.65509986877 
SAT_SOLVER | Time: 0.126504898071 
	cnf_to_sol - 1. UNSATISFIABLE | t = 2
CNF_TO_SOL | Time: 0.00169897079468 
______________________________________________
RR_TO_CNF | Time: 5.30990099907 
SAT_SOLVER | Time: 0.240471839905 
	cnf_to_sol - 1. UNSATISFIABLE | t = 4
CNF_TO_SOL | Time: 0.00333905220032 
______________________________________________
RR_TO_CNF | Time: 9.66174411774 
SAT_SOLVER | Time: 1.78360795975 
	cnf_to_sol - 1. SATISFIABLE | t = 8
CNF_TO_SOL | Time: 0.0824320316315 
______________________________________________
RR_TO_CNF | Time: 7.37395405769 
SAT_SOLVER | Time: 0.483919143677 
	cnf_to_sol - 1. UNSATISFIABLE | t = 6
CNF_TO_SOL | Time: 0.00301194190979 
______________________________________________
RR_TO_CNF | Time: 8.42326402664 
SAT_SOLVER | Time: 0.790374040604 
	cnf_to_sol - 1. SATISFIABLE | t = 7
CNF_TO_SOL | Time: 0.0719809532166 
______________________________________________
TOTAL TIME: 38.985863924 
