RR_TO_CNF | Time: 0.419517040253 
SAT_SOLVER | Time: 0.0305469036102 
	cnf_to_sol - 1. UNSATISFIABLE | t = 0
CNF_TO_SOL | Time: 0.00472712516785 
______________________________________________
RR_TO_CNF | Time: 1.63449311256 
SAT_SOLVER | Time: 0.075098991394 
	cnf_to_sol - 1. UNSATISFIABLE | t = 1
CNF_TO_SOL | Time: 0.00205111503601 
______________________________________________
RR_TO_CNF | Time: 2.92958402634 
SAT_SOLVER | Time: 0.140093803406 
	cnf_to_sol - 1. UNSATISFIABLE | t = 2
CNF_TO_SOL | Time: 0.00407099723816 
______________________________________________
RR_TO_CNF | Time: 5.7414958477 
SAT_SOLVER | Time: 0.246237039566 
	cnf_to_sol - 1. UNSATISFIABLE | t = 4
CNF_TO_SOL | Time: 0.00279498100281 
______________________________________________
RR_TO_CNF | Time: 10.9283089638 
SAT_SOLVER | Time: 1.68727207184 
	cnf_to_sol - 1. UNSATISFIABLE | t = 8
CNF_TO_SOL | Time: 0.00887417793274 
______________________________________________
RR_TO_CNF | Time: 21.2646329403 
SAT_SOLVER | Time: 5.45735001564 
	cnf_to_sol - 1. SATISFIABLE | t = 16
CNF_TO_SOL | Time: 0.178812026978 
______________________________________________
RR_TO_CNF | Time: 16.0621030331 
SAT_SOLVER | Time: 12.2671148777 
	cnf_to_sol - 1. SATISFIABLE | t = 12
CNF_TO_SOL | Time: 0.131894111633 
______________________________________________
RR_TO_CNF | Time: 12.7890629768 
SAT_SOLVER | Time: 6.11592388153 
	cnf_to_sol - 1. UNSATISFIABLE | t = 10
CNF_TO_SOL | Time: 0.00259613990784 
______________________________________________
RR_TO_CNF | Time: 14.7192029953 
SAT_SOLVER | Time: 19.5096399784 
	cnf_to_sol - 1. UNSATISFIABLE | t = 11
CNF_TO_SOL | Time: 0.00396490097046 
______________________________________________
TOTAL TIME: 132.374537945 
