RR_TO_CNF | Time: 0.37064909935 
SAT_SOLVER | Time: 0.0262799263 
	cnf_to_sol - 1. UNSATISFIABLE | t = 0
CNF_TO_SOL | Time: 0.00227808952332 
______________________________________________
RR_TO_CNF | Time: 1.63077998161 
SAT_SOLVER | Time: 0.0741038322449 
	cnf_to_sol - 1. UNSATISFIABLE | t = 1
CNF_TO_SOL | Time: 0.00372195243835 
______________________________________________
RR_TO_CNF | Time: 2.68867993355 
SAT_SOLVER | Time: 0.126867055893 
	cnf_to_sol - 1. UNSATISFIABLE | t = 2
CNF_TO_SOL | Time: 0.00291013717651 
______________________________________________
RR_TO_CNF | Time: 4.97184896469 
SAT_SOLVER | Time: 0.337581157684 
	cnf_to_sol - 1. SATISFIABLE | t = 4
CNF_TO_SOL | Time: 0.0425491333008 
______________________________________________
RR_TO_CNF | Time: 3.82136797905 
SAT_SOLVER | Time: 0.22648191452 
	cnf_to_sol - 1. SATISFIABLE | t = 3
CNF_TO_SOL | Time: 0.0312881469727 
______________________________________________
TOTAL TIME: 14.368144989 
