RR_TO_CNF | Time: 0.0542020797729 
SAT_SOLVER | Time: 0.00802397727966 
	cnf_to_sol - 1. UNSATISFIABLE | t = 0
CNF_TO_SOL | Time: 0.00252509117126 
______________________________________________
RR_TO_CNF | Time: 0.138151884079 
SAT_SOLVER | Time: 0.0112609863281 
	cnf_to_sol - 1. UNSATISFIABLE | t = 1
CNF_TO_SOL | Time: 0.00208020210266 
______________________________________________
RR_TO_CNF | Time: 0.258514881134 
SAT_SOLVER | Time: 0.0156271457672 
	cnf_to_sol - 1. UNSATISFIABLE | t = 2
CNF_TO_SOL | Time: 0.00248384475708 
______________________________________________
RR_TO_CNF | Time: 0.469556093216 
SAT_SOLVER | Time: 0.103832006454 
	cnf_to_sol - 1. SATISFIABLE | t = 4
CNF_TO_SOL | Time: 0.00900101661682 
______________________________________________
RR_TO_CNF | Time: 0.362342119217 
SAT_SOLVER | Time: 0.0330648422241 
	cnf_to_sol - 1. UNSATISFIABLE | t = 3
CNF_TO_SOL | Time: 0.0024139881134 
______________________________________________
TOTAL TIME: 1.48941397667 
