RR_TO_mzn | Time: 0.655888080597 

  WARNING: model inconsistency detected
  problem-0.mzn:20:
  in binary '=' operator expression
MZN_SOLVER | Time: 0.467614173889 
	mzn_to_sol - 1. UNSATISFIABLE | t = 0
mzn_TO_SOL | Time: 0.0012469291687 
______________________________________________
RR_TO_mzn | Time: 0.741945981979 

  WARNING: model inconsistency detected
MZN_SOLVER | Time: 1.56155896187 
	mzn_to_sol - 1. UNSATISFIABLE | t = 1
mzn_TO_SOL | Time: 0.00144600868225 
______________________________________________
RR_TO_mzn | Time: 0.675473928452 
MZN_SOLVER | Time: 4.17751693726 
	mzn_to_sol - 1. UNSATISFIABLE | t = 2
mzn_TO_SOL | Time: 0.00193095207214 
______________________________________________
RR_TO_mzn | Time: 0.682427883148 
MZN_SOLVER | Time: 11.1185371876 
	mzn_to_sol - 1. SATISFIABLE | t = 4
mzn_TO_SOL | Time: 0.00158500671387 
______________________________________________
RR_TO_mzn | Time: 0.674302101135 
MZN_SOLVER | Time: 7.39503908157 
	mzn_to_sol - 1. SATISFIABLE | t = 3
mzn_TO_SOL | Time: 0.00165200233459 
______________________________________________
TOTAL TIME: 28.1649069786 
