RR_TO_mzn | Time: 0.0636608600616 

  WARNING: model inconsistency detected
  problem-0.mzn:20:
  in binary '=' operator expression
MZN_SOLVER | Time: 0.232367038727 
	mzn_to_sol - 1. UNSATISFIABLE | t = 0
mzn_TO_SOL | Time: 0.00170397758484 
______________________________________________
RR_TO_mzn | Time: 0.0805449485779 

  WARNING: model inconsistency detected
  problem-1.mzn:698:
  in call 'forall'
  in array comprehension expression
    with k = 0
    with t = 0
  in binary '->' operator expression
MZN_SOLVER | Time: 0.254812002182 
	mzn_to_sol - 1. UNSATISFIABLE | t = 1
mzn_TO_SOL | Time: 0.00173997879028 
______________________________________________
RR_TO_mzn | Time: 0.0765819549561 
MZN_SOLVER | Time: 0.80091714859 
	mzn_to_sol - 1. UNSATISFIABLE | t = 2
mzn_TO_SOL | Time: 0.00141000747681 
______________________________________________
RR_TO_mzn | Time: 0.0733680725098 
MZN_SOLVER | Time: 2.07801818848 
	mzn_to_sol - 1. UNSATISFIABLE | t = 4
mzn_TO_SOL | Time: 0.00131797790527 
______________________________________________
RR_TO_mzn | Time: 0.0742299556732 
MZN_SOLVER | Time: 2.56006002426 
	mzn_to_sol - 1. UNSATISFIABLE | t = 5
mzn_TO_SOL | Time: 0.00210905075073 
______________________________________________
RR_TO_mzn | Time: 0.0736730098724 
MZN_SOLVER | Time: 3.37473297119 
	mzn_to_sol - 1. UNSATISFIABLE | t = 6
mzn_TO_SOL | Time: 0.00181698799133 
______________________________________________
RR_TO_mzn | Time: 0.0768899917603 
MZN_SOLVER | Time: 6.61560297012 
	mzn_to_sol - 1. SATISFIABLE | t = 7
mzn_TO_SOL | Time: 0.0048770904541 
______________________________________________
TOTAL TIME: 16.4571611881 
