RR_TO_CNF | Time: 0.360105037689 
SAT_SOLVER | Time: 0.025465965271 
	cnf_to_sol - 1. UNSATISFIABLE | t = 0
CNF_TO_SOL | Time: 0.00211000442505 
______________________________________________
RR_TO_CNF | Time: 1.64989709854 
SAT_SOLVER | Time: 0.0717730522156 
	cnf_to_sol - 1. UNSATISFIABLE | t = 1
CNF_TO_SOL | Time: 0.00443005561829 
______________________________________________
RR_TO_CNF | Time: 2.58204102516 
SAT_SOLVER | Time: 0.126580953598 
	cnf_to_sol - 1. UNSATISFIABLE | t = 2
CNF_TO_SOL | Time: 0.0027539730072 
______________________________________________
RR_TO_CNF | Time: 5.12189388275 
SAT_SOLVER | Time: 0.33905506134 
	cnf_to_sol - 1. SATISFIABLE | t = 4
CNF_TO_SOL | Time: 0.0442140102386 
______________________________________________
RR_TO_CNF | Time: 3.8766720295 
SAT_SOLVER | Time: 0.184600114822 
	cnf_to_sol - 1. UNSATISFIABLE | t = 3
CNF_TO_SOL | Time: 0.00446391105652 
______________________________________________
TOTAL TIME: 14.4049348831 
