RR_TO_CNF | Time: 0.350086927414 
SAT_SOLVER | Time: 0.0245208740234 
	cnf_to_sol - 1. UNSATISFIABLE | t = 0
CNF_TO_SOL | Time: 0.00155591964722 
______________________________________________
RR_TO_CNF | Time: 1.4677901268 
SAT_SOLVER | Time: 0.0700459480286 
	cnf_to_sol - 1. UNSATISFIABLE | t = 1
CNF_TO_SOL | Time: 0.00151586532593 
______________________________________________
RR_TO_CNF | Time: 2.67220687866 
SAT_SOLVER | Time: 0.12765789032 
	cnf_to_sol - 1. UNSATISFIABLE | t = 2
CNF_TO_SOL | Time: 0.00449895858765 
______________________________________________
RR_TO_CNF | Time: 4.98750710487 
SAT_SOLVER | Time: 0.239791154861 
	cnf_to_sol - 1. UNSATISFIABLE | t = 4
CNF_TO_SOL | Time: 0.00352716445923 
______________________________________________
RR_TO_CNF | Time: 10.0842740536 
SAT_SOLVER | Time: 1.78901410103 
	cnf_to_sol - 1. SATISFIABLE | t = 8
CNF_TO_SOL | Time: 0.0833389759064 
______________________________________________
RR_TO_CNF | Time: 7.38873505592 
SAT_SOLVER | Time: 0.622263908386 
	cnf_to_sol - 1. UNSATISFIABLE | t = 6
CNF_TO_SOL | Time: 0.00404596328735 
______________________________________________
RR_TO_CNF | Time: 8.40129995346 
SAT_SOLVER | Time: 1.00765299797 
	cnf_to_sol - 1. SATISFIABLE | t = 7
CNF_TO_SOL | Time: 0.0732390880585 
______________________________________________
TOTAL TIME: 39.4137609005 
