RR_TO_CNF | Time: 0.333567857742 
SAT_SOLVER | Time: 0.0263950824738 
	cnf_to_sol - 1. UNSATISFIABLE | t = 0
CNF_TO_SOL | Time: 0.00248193740845 
______________________________________________
RR_TO_CNF | Time: 1.46567606926 
SAT_SOLVER | Time: 0.0720298290253 
	cnf_to_sol - 1. UNSATISFIABLE | t = 1
CNF_TO_SOL | Time: 0.00328588485718 
______________________________________________
RR_TO_CNF | Time: 2.65888190269 
SAT_SOLVER | Time: 0.128988981247 
	cnf_to_sol - 1. UNSATISFIABLE | t = 2
CNF_TO_SOL | Time: 0.00372290611267 
______________________________________________
RR_TO_CNF | Time: 4.88719177246 
SAT_SOLVER | Time: 0.240566968918 
	cnf_to_sol - 1. UNSATISFIABLE | t = 4
CNF_TO_SOL | Time: 0.00256681442261 
______________________________________________
RR_TO_CNF | Time: 9.61660909653 
SAT_SOLVER | Time: 1.75429916382 
	cnf_to_sol - 1. SATISFIABLE | t = 8
CNF_TO_SOL | Time: 0.0816600322723 
______________________________________________
RR_TO_CNF | Time: 7.34960317612 
SAT_SOLVER | Time: 0.439206123352 
	cnf_to_sol - 1. UNSATISFIABLE | t = 6
CNF_TO_SOL | Time: 0.00277590751648 
______________________________________________
RR_TO_CNF | Time: 8.43421077728 
SAT_SOLVER | Time: 0.654447078705 
	cnf_to_sol - 1. UNSATISFIABLE | t = 7
CNF_TO_SOL | Time: 0.00344204902649 
______________________________________________
TOTAL TIME: 38.171241045 
